<?xml version="1.0" encoding="UTF-8"?>
<!DOCTYPE suite SYSTEM "https://testng.org/testng-1.0.dtd">
<suite name="OnPlus Android">
    <parameter name="platformName" value="Android"></parameter>
    <parameter name="platformVersion" value="13"></parameter>
    <parameter name="deviceName" value="99181FFAZ002RG"></parameter>
    <listeners>
        <listener
                class-name="core.MyListener">
        </listener>
    </listeners>
    <test name="Test Android">
        <classes>
            <class name="tests.loginTest.LoginTest" >
                <methods>
                    <include name="LG_9"/>
                    <include name="LG_1_2"/>
                    <include name="LG_41_42"/>
                    <include name="LG_3"/>
                    <include name="LG_4"/>
                    <include name="LG_5"/>
                </methods>
            </class>
        </classes>
    </test>
</suite>
